2025-06-22 16:47:46.285 +02:00 [INF] Executed DbCommand (12ms) [Parameters=[], CommandType='"Text"', CommandTimeout='30']
SELECT "MigrationId", "ProductVersion"
FROM "__EFMigrationsHistory"
ORDER BY "MigrationId";
2025-06-22 16:47:46.475 +02:00 [INF] Executed DbCommand (5ms) [Parameters=[], CommandType='"Text"', CommandTimeout='30']
CREATE TABLE IF NOT EXISTS "__EFMigrationsHistory" (
    "MigrationId" character varying(150) NOT NULL,
    "ProductVersion" character varying(32) NOT NULL,
    CONSTRAINT "PK___EFMigrationsHistory" PRIMARY KEY ("MigrationId")
);
2025-06-22 16:47:46.481 +02:00 [INF] Acquiring an exclusive lock for migration application. See https://aka.ms/efcore-docs-migrations-lock for more information if this takes too long.
2025-06-22 16:47:46.482 +02:00 [INF] Executed DbCommand (1ms) [Parameters=[], CommandType='"Text"', CommandTimeout='30']
LOCK TABLE "__EFMigrationsHistory" IN ACCESS EXCLUSIVE MODE
2025-06-22 16:47:46.482 +02:00 [INF] Executed DbCommand (0ms) [Parameters=[], CommandType='"Text"', CommandTimeout='30']
SELECT "MigrationId", "ProductVersion"
FROM "__EFMigrationsHistory"
ORDER BY "MigrationId";
2025-06-22 16:47:46.485 +02:00 [INF] No migrations were applied. The database is already up to date.
2025-06-22 16:47:46.540 +02:00 [INF] Now listening on: http://localhost:5059
2025-06-22 16:47:46.541 +02:00 [INF] Application started. Press Ctrl+C to shut down.
2025-06-22 16:47:46.542 +02:00 [INF] Hosting environment: Development
2025-06-22 16:47:46.542 +02:00 [INF] Content root path: /Users/vivekkosare/Development/VehicleInsurance/VehicleRegistrationAPI
2025-06-22 16:47:46.698 +02:00 [INF] Request starting HTTP/1.1 GET http://localhost:5059/api/v1/customers - null null
2025-06-22 16:47:46.788 +02:00 [WRN] Failed to determine the https port for redirect.
2025-06-22 16:47:46.793 +02:00 [INF] Executing endpoint 'HTTP: GET /api/v{version:apiVersion}/customers/'
2025-06-22 16:47:47.053 +02:00 [INF] No data found in cache for key: AllCustomers
2025-06-22 16:47:47.053 +02:00 [INF] Cache miss for all customers, retrieving from database.
2025-06-22 16:47:47.187 +02:00 [INF] Executed DbCommand (7ms) [Parameters=[], CommandType='"Text"', CommandTimeout='30']
SELECT c."Id", c."CreatedAt", c."Email", c."Name", c."PersonalIdentificationNumber", c."PhoneNumber", c."UpdatedAt"
FROM "Customers" AS c
2025-06-22 16:47:47.217 +02:00 [INF] Retrieved 5 customers from the database.
2025-06-22 16:47:47.269 +02:00 [INF] Setting data in cache for key: AllCustomers
2025-06-22 16:47:47.275 +02:00 [INF] Successfully set data in cache for key: AllCustomers
2025-06-22 16:47:47.275 +02:00 [INF] Cached all customers for future requests.
2025-06-22 16:47:47.275 +02:00 [INF] 5 customers retrieved successfully.
2025-06-22 16:47:47.277 +02:00 [INF] Setting HTTP status code 200.
2025-06-22 16:47:47.279 +02:00 [INF] Writing value of type 'ListSelectIterator`2' as Json.
2025-06-22 16:47:47.295 +02:00 [INF] Executed endpoint 'HTTP: GET /api/v{version:apiVersion}/customers/'
2025-06-22 16:47:47.299 +02:00 [INF] Request finished HTTP/1.1 GET http://localhost:5059/api/v1/customers - 200 null application/json; charset=utf-8 601.6704ms
2025-06-22 17:01:43.942 +02:00 [INF] Request starting HTTP/1.1 GET http://localhost:5059/api/v1/customers/PIN1003 - null null
2025-06-22 17:01:43.943 +02:00 [INF] Executing endpoint 'HTTP: GET /api/v{version:apiVersion}/customers/{personalIdentificationNumber}'
2025-06-22 17:01:43.948 +02:00 [INF] No data found in cache for key: CustomerByPIN_PIN1003
2025-06-22 17:01:43.948 +02:00 [INF] Retrieving customer with personalIdentificationNumber PIN1003 from database.
2025-06-22 17:01:44.084 +02:00 [INF] Executed DbCommand (11ms) [Parameters=[@__personalIdentificationNumber_0='?'], CommandType='"Text"', CommandTimeout='30']
SELECT c."Id", c."CreatedAt", c."Email", c."Name", c."PersonalIdentificationNumber", c."PhoneNumber", c."UpdatedAt"
FROM "Customers" AS c
WHERE c."PersonalIdentificationNumber" = @__personalIdentificationNumber_0
LIMIT 1
2025-06-22 17:01:44.085 +02:00 [INF] Customer with personalIdentificationNumber PIN1003 retrieved successfully.
2025-06-22 17:01:44.085 +02:00 [INF] Setting data in cache for key: CustomerByPIN_PIN1003
2025-06-22 17:01:44.086 +02:00 [INF] Successfully set data in cache for key: CustomerByPIN_PIN1003
2025-06-22 17:01:44.086 +02:00 [INF] Cached customer with personalIdentificationNumber PIN1003 for future requests.
2025-06-22 17:01:44.086 +02:00 [INF] Customer with personal identification number PIN1003 retrieved successfully.
2025-06-22 17:01:44.086 +02:00 [INF] Setting HTTP status code 200.
2025-06-22 17:01:44.086 +02:00 [INF] Writing value of type 'CustomerOutput' as Json.
2025-06-22 17:01:44.087 +02:00 [INF] Executed endpoint 'HTTP: GET /api/v{version:apiVersion}/customers/{personalIdentificationNumber}'
2025-06-22 17:01:44.087 +02:00 [INF] Request finished HTTP/1.1 GET http://localhost:5059/api/v1/customers/PIN1003 - 200 null application/json; charset=utf-8 145.611ms
2025-06-22 17:01:46.864 +02:00 [INF] Request starting HTTP/1.1 GET http://localhost:5059/api/v1/vehicles/personal/PIN1003 - null null
2025-06-22 17:01:46.864 +02:00 [INF] Executing endpoint 'HTTP: GET /api/v{version:apiVersion}/vehicles/personal/{personalIdentificationNumber}'
2025-06-22 17:01:46.868 +02:00 [INF] No data found in cache for key: VehiclesByPIN_PIN1003
2025-06-22 17:01:46.868 +02:00 [INF] Retrieving vehicles for personal identification number PIN1003 from the database.
2025-06-22 17:01:46.922 +02:00 [INF] Executed DbCommand (2ms) [Parameters=[@__personalIdentificationNumber_0='?'], CommandType='"Text"', CommandTimeout='30']
SELECT v."Id", v."Color", v."CreatedAt", v."Make", v."Model", v."Name", v."OwnerId", v."RegistrationDate", v."RegistrationNumber", v."UpdatedAt", v."Year", c."Id", c."CreatedAt", c."Email", c."Name", c."PersonalIdentificationNumber", c."PhoneNumber", c."UpdatedAt"
FROM "Vehicles" AS v
INNER JOIN "Customers" AS c ON v."OwnerId" = c."Id"
WHERE c."PersonalIdentificationNumber" = @__personalIdentificationNumber_0
2025-06-22 17:01:46.949 +02:00 [INF] Setting data in cache for key: VehiclesByPIN_PIN1003
2025-06-22 17:01:46.950 +02:00 [INF] Successfully set data in cache for key: VehiclesByPIN_PIN1003
2025-06-22 17:01:46.950 +02:00 [INF] Cached vehicles for personal identification number PIN1003.
2025-06-22 17:01:46.950 +02:00 [INF] 1 vehicles retrieved for personal identification number PIN1003.
2025-06-22 17:01:46.950 +02:00 [INF] Setting HTTP status code 200.
2025-06-22 17:01:46.951 +02:00 [INF] Writing value of type 'ListSelectIterator`2' as Json.
2025-06-22 17:01:46.955 +02:00 [INF] Executed endpoint 'HTTP: GET /api/v{version:apiVersion}/vehicles/personal/{personalIdentificationNumber}'
2025-06-22 17:01:46.955 +02:00 [INF] Request finished HTTP/1.1 GET http://localhost:5059/api/v1/vehicles/personal/PIN1003 - 200 null application/json; charset=utf-8 90.7821ms
2025-06-22 17:03:48.306 +02:00 [INF] Request starting HTTP/1.1 POST http://localhost:5059/api/v1/vehicles/personal/ - application/json; charset=utf-8 null
2025-06-22 17:03:48.307 +02:00 [INF] Executing endpoint 'HTTP: POST /api/v{version:apiVersion}/vehicles/personal/'
2025-06-22 17:03:48.327 +02:00 [INF] No data found in cache for key: VehiclesByPersonIds_PIN1001_PIN1002_PIN1003
2025-06-22 17:03:48.327 +02:00 [INF] Retrieving vehicles for personal identification numbers PIN1001, PIN1002, PIN1003 from the database.
2025-06-22 17:03:48.389 +02:00 [INF] Executed DbCommand (36ms) [Parameters=[@__personIds_PersonalIdentificationNumbers_0='?' (DbType = Object)], CommandType='"Text"', CommandTimeout='30']
SELECT v."Id", v."Color", v."CreatedAt", v."Make", v."Model", v."Name", v."OwnerId", v."RegistrationDate", v."RegistrationNumber", v."UpdatedAt", v."Year", c."Id", c."CreatedAt", c."Email", c."Name", c."PersonalIdentificationNumber", c."PhoneNumber", c."UpdatedAt"
FROM "Vehicles" AS v
INNER JOIN "Customers" AS c ON v."OwnerId" = c."Id"
WHERE c."PersonalIdentificationNumber" = ANY (@__personIds_PersonalIdentificationNumbers_0)
2025-06-22 17:03:48.390 +02:00 [INF] Setting data in cache for key: VehiclesByPersonIds_PIN1001_PIN1002_PIN1003
2025-06-22 17:03:48.391 +02:00 [INF] Successfully set data in cache for key: VehiclesByPersonIds_PIN1001_PIN1002_PIN1003
2025-06-22 17:03:48.391 +02:00 [INF] Cached vehicles for personal identification numbers PIN1001, PIN1002, PIN1003.
2025-06-22 17:03:48.391 +02:00 [INF] 3 vehicles retrieved for the provided personal identification numbers.
2025-06-22 17:03:48.391 +02:00 [INF] Setting HTTP status code 200.
2025-06-22 17:03:48.391 +02:00 [INF] Writing value of type 'ListSelectIterator`2' as Json.
2025-06-22 17:03:48.392 +02:00 [INF] Executed endpoint 'HTTP: POST /api/v{version:apiVersion}/vehicles/personal/'
2025-06-22 17:03:48.392 +02:00 [INF] Request finished HTTP/1.1 POST http://localhost:5059/api/v1/vehicles/personal/ - 200 null application/json; charset=utf-8 85.3186ms
