2025-06-21 18:38:28.775 +02:00 [INF] Executed DbCommand (13ms) [Parameters=[], CommandType='"Text"', CommandTimeout='30']
SELECT "MigrationId", "ProductVersion"
FROM "__EFMigrationsHistory"
ORDER BY "MigrationId";
2025-06-21 18:38:28.973 +02:00 [INF] Executed DbCommand (7ms) [Parameters=[], CommandType='"Text"', CommandTimeout='30']
CREATE TABLE IF NOT EXISTS "__EFMigrationsHistory" (
    "MigrationId" character varying(150) NOT NULL,
    "ProductVersion" character varying(32) NOT NULL,
    CONSTRAINT "PK___EFMigrationsHistory" PRIMARY KEY ("MigrationId")
);
2025-06-21 18:38:28.979 +02:00 [INF] Acquiring an exclusive lock for migration application. See https://aka.ms/efcore-docs-migrations-lock for more information if this takes too long.
2025-06-21 18:38:28.980 +02:00 [INF] Executed DbCommand (1ms) [Parameters=[], CommandType='"Text"', CommandTimeout='30']
LOCK TABLE "__EFMigrationsHistory" IN ACCESS EXCLUSIVE MODE
2025-06-21 18:38:28.980 +02:00 [INF] Executed DbCommand (0ms) [Parameters=[], CommandType='"Text"', CommandTimeout='30']
SELECT "MigrationId", "ProductVersion"
FROM "__EFMigrationsHistory"
ORDER BY "MigrationId";
2025-06-21 18:38:28.983 +02:00 [INF] No migrations were applied. The database is already up to date.
2025-06-21 18:38:29.044 +02:00 [INF] Now listening on: http://localhost:5059
2025-06-21 18:38:29.045 +02:00 [INF] Application started. Press Ctrl+C to shut down.
2025-06-21 18:38:29.045 +02:00 [INF] Hosting environment: Development
2025-06-21 18:38:29.045 +02:00 [INF] Content root path: /Users/vivekkosare/Development/VehicleInsurance/VehicleRegistrationAPI
2025-06-21 18:38:30.543 +02:00 [INF] Request starting HTTP/1.1 GET http://localhost:5059/api/v1/customers - null null
2025-06-21 18:38:30.635 +02:00 [WRN] Failed to determine the https port for redirect.
2025-06-21 18:38:30.640 +02:00 [INF] Executing endpoint 'HTTP: GET /api/v{version:apiVersion}/customers/'
2025-06-21 18:38:30.837 +02:00 [INF] No data found in cache for key: AllCustomers
2025-06-21 18:38:30.837 +02:00 [INF] Cache miss for all customers, retrieving from database.
2025-06-21 18:38:30.976 +02:00 [INF] Executed DbCommand (12ms) [Parameters=[], CommandType='"Text"', CommandTimeout='30']
SELECT c."Id", c."CreatedAt", c."Email", c."Name", c."PersonalIdentificationNumber", c."PhoneNumber", c."UpdatedAt"
FROM "Customers" AS c
2025-06-21 18:38:31.007 +02:00 [INF] Retrieved 5 customers from the database.
2025-06-21 18:38:31.058 +02:00 [INF] Setting data in cache for key: AllCustomers
2025-06-21 18:38:31.063 +02:00 [INF] Successfully set data in cache for key: AllCustomers
2025-06-21 18:38:31.064 +02:00 [INF] Cached all customers for future requests.
2025-06-21 18:38:31.064 +02:00 [INF] 5 customers retrieved successfully.
2025-06-21 18:38:31.066 +02:00 [INF] Setting HTTP status code 200.
2025-06-21 18:38:31.068 +02:00 [INF] Writing value of type 'ListSelectIterator`2' as Json.
2025-06-21 18:38:31.085 +02:00 [INF] Executed endpoint 'HTTP: GET /api/v{version:apiVersion}/customers/'
2025-06-21 18:38:31.089 +02:00 [INF] Request finished HTTP/1.1 GET http://localhost:5059/api/v1/customers - 200 null application/json; charset=utf-8 547.7418ms
2025-06-21 18:38:31.158 +02:00 [INF] Request starting HTTP/1.1 GET http://localhost:5059/apple-touch-icon-precomposed.png - null null
2025-06-21 18:38:31.160 +02:00 [INF] Request finished HTTP/1.1 GET http://localhost:5059/apple-touch-icon-precomposed.png - 404 0 null 1.1814ms
2025-06-21 18:38:31.161 +02:00 [INF] Request reached the end of the middleware pipeline without being handled by application code. Request path: GET http://localhost:5059/apple-touch-icon-precomposed.png, Response status code: 404
2025-06-21 18:38:31.161 +02:00 [INF] Request starting HTTP/1.1 GET http://localhost:5059/apple-touch-icon.png - null null
2025-06-21 18:38:31.161 +02:00 [INF] Request finished HTTP/1.1 GET http://localhost:5059/apple-touch-icon.png - 404 0 null 0.105ms
2025-06-21 18:38:31.161 +02:00 [INF] Request reached the end of the middleware pipeline without being handled by application code. Request path: GET http://localhost:5059/apple-touch-icon.png, Response status code: 404
2025-06-21 18:46:01.177 +02:00 [INF] Executed DbCommand (13ms) [Parameters=[], CommandType='"Text"', CommandTimeout='30']
SELECT "MigrationId", "ProductVersion"
FROM "__EFMigrationsHistory"
ORDER BY "MigrationId";
2025-06-21 18:46:01.367 +02:00 [INF] Executed DbCommand (3ms) [Parameters=[], CommandType='"Text"', CommandTimeout='30']
CREATE TABLE IF NOT EXISTS "__EFMigrationsHistory" (
    "MigrationId" character varying(150) NOT NULL,
    "ProductVersion" character varying(32) NOT NULL,
    CONSTRAINT "PK___EFMigrationsHistory" PRIMARY KEY ("MigrationId")
);
2025-06-21 18:46:01.372 +02:00 [INF] Acquiring an exclusive lock for migration application. See https://aka.ms/efcore-docs-migrations-lock for more information if this takes too long.
2025-06-21 18:46:01.373 +02:00 [INF] Executed DbCommand (0ms) [Parameters=[], CommandType='"Text"', CommandTimeout='30']
LOCK TABLE "__EFMigrationsHistory" IN ACCESS EXCLUSIVE MODE
2025-06-21 18:46:01.374 +02:00 [INF] Executed DbCommand (1ms) [Parameters=[], CommandType='"Text"', CommandTimeout='30']
SELECT "MigrationId", "ProductVersion"
FROM "__EFMigrationsHistory"
ORDER BY "MigrationId";
2025-06-21 18:46:01.376 +02:00 [INF] No migrations were applied. The database is already up to date.
2025-06-21 18:46:01.435 +02:00 [INF] Now listening on: http://localhost:5059
2025-06-21 18:46:01.436 +02:00 [INF] Application started. Press Ctrl+C to shut down.
2025-06-21 18:46:01.436 +02:00 [INF] Hosting environment: Development
2025-06-21 18:46:01.436 +02:00 [INF] Content root path: /Users/vivekkosare/Development/VehicleInsurance/VehicleRegistrationAPI
2025-06-21 18:46:01.530 +02:00 [INF] Request starting HTTP/1.1 GET http://localhost:5059/api/v1/customers - null null
2025-06-21 18:46:01.613 +02:00 [WRN] Failed to determine the https port for redirect.
2025-06-21 18:46:01.619 +02:00 [INF] Executing endpoint 'HTTP: GET /api/v{version:apiVersion}/customers/'
2025-06-21 18:46:01.927 +02:00 [INF] No data found in cache for key: AllCustomers
2025-06-21 18:46:01.927 +02:00 [INF] Cache miss for all customers, retrieving from database.
2025-06-21 18:46:02.056 +02:00 [INF] Executed DbCommand (5ms) [Parameters=[], CommandType='"Text"', CommandTimeout='30']
SELECT c."Id", c."CreatedAt", c."Email", c."Name", c."PersonalIdentificationNumber", c."PhoneNumber", c."UpdatedAt"
FROM "Customers" AS c
2025-06-21 18:46:02.086 +02:00 [INF] Retrieved 5 customers from the database.
2025-06-21 18:46:02.136 +02:00 [INF] Setting data in cache for key: AllCustomers
2025-06-21 18:46:02.141 +02:00 [INF] Successfully set data in cache for key: AllCustomers
2025-06-21 18:46:02.141 +02:00 [INF] Cached all customers for future requests.
2025-06-21 18:46:02.141 +02:00 [INF] 5 customers retrieved successfully.
2025-06-21 18:46:02.143 +02:00 [INF] Setting HTTP status code 200.
2025-06-21 18:46:02.144 +02:00 [INF] Writing value of type 'ListSelectIterator`2' as Json.
2025-06-21 18:46:02.160 +02:00 [INF] Executed endpoint 'HTTP: GET /api/v{version:apiVersion}/customers/'
2025-06-21 18:46:02.164 +02:00 [INF] Request finished HTTP/1.1 GET http://localhost:5059/api/v1/customers - 200 null application/json; charset=utf-8 635.358ms
2025-06-21 18:59:11.742 +02:00 [INF] Executed DbCommand (13ms) [Parameters=[], CommandType='"Text"', CommandTimeout='30']
SELECT "MigrationId", "ProductVersion"
FROM "__EFMigrationsHistory"
ORDER BY "MigrationId";
2025-06-21 18:59:11.937 +02:00 [INF] Executed DbCommand (3ms) [Parameters=[], CommandType='"Text"', CommandTimeout='30']
CREATE TABLE IF NOT EXISTS "__EFMigrationsHistory" (
    "MigrationId" character varying(150) NOT NULL,
    "ProductVersion" character varying(32) NOT NULL,
    CONSTRAINT "PK___EFMigrationsHistory" PRIMARY KEY ("MigrationId")
);
2025-06-21 18:59:11.942 +02:00 [INF] Acquiring an exclusive lock for migration application. See https://aka.ms/efcore-docs-migrations-lock for more information if this takes too long.
2025-06-21 18:59:11.944 +02:00 [INF] Executed DbCommand (1ms) [Parameters=[], CommandType='"Text"', CommandTimeout='30']
LOCK TABLE "__EFMigrationsHistory" IN ACCESS EXCLUSIVE MODE
2025-06-21 18:59:11.944 +02:00 [INF] Executed DbCommand (0ms) [Parameters=[], CommandType='"Text"', CommandTimeout='30']
SELECT "MigrationId", "ProductVersion"
FROM "__EFMigrationsHistory"
ORDER BY "MigrationId";
2025-06-21 18:59:11.947 +02:00 [INF] No migrations were applied. The database is already up to date.
2025-06-21 18:59:12.008 +02:00 [INF] Now listening on: http://localhost:5059
2025-06-21 18:59:12.009 +02:00 [INF] Application started. Press Ctrl+C to shut down.
2025-06-21 18:59:12.009 +02:00 [INF] Hosting environment: Development
2025-06-21 18:59:12.009 +02:00 [INF] Content root path: /Users/vivekkosare/Development/VehicleInsurance/VehicleRegistrationAPI
2025-06-21 18:59:12.094 +02:00 [INF] Request starting HTTP/1.1 GET http://localhost:5059/api/v1/customers - null null
2025-06-21 18:59:12.179 +02:00 [WRN] Failed to determine the https port for redirect.
2025-06-21 18:59:12.183 +02:00 [INF] Executing endpoint 'HTTP: GET /api/v{version:apiVersion}/customers/'
2025-06-21 18:59:12.468 +02:00 [INF] No data found in cache for key: AllCustomers
2025-06-21 18:59:12.468 +02:00 [INF] Cache miss for all customers, retrieving from database.
2025-06-21 18:59:12.601 +02:00 [INF] Executed DbCommand (5ms) [Parameters=[], CommandType='"Text"', CommandTimeout='30']
SELECT c."Id", c."CreatedAt", c."Email", c."Name", c."PersonalIdentificationNumber", c."PhoneNumber", c."UpdatedAt"
FROM "Customers" AS c
2025-06-21 18:59:12.632 +02:00 [INF] Retrieved 5 customers from the database.
2025-06-21 18:59:12.681 +02:00 [INF] Setting data in cache for key: AllCustomers
2025-06-21 18:59:12.686 +02:00 [INF] Successfully set data in cache for key: AllCustomers
2025-06-21 18:59:12.686 +02:00 [INF] Cached all customers for future requests.
2025-06-21 18:59:12.686 +02:00 [INF] 5 customers retrieved successfully.
2025-06-21 18:59:12.688 +02:00 [INF] Setting HTTP status code 200.
2025-06-21 18:59:12.690 +02:00 [INF] Writing value of type 'ListSelectIterator`2' as Json.
2025-06-21 18:59:12.706 +02:00 [INF] Executed endpoint 'HTTP: GET /api/v{version:apiVersion}/customers/'
2025-06-21 18:59:12.709 +02:00 [INF] Request finished HTTP/1.1 GET http://localhost:5059/api/v1/customers - 200 null application/json; charset=utf-8 615.989ms
2025-06-21 19:41:41.402 +02:00 [INF] Executed DbCommand (12ms) [Parameters=[], CommandType='"Text"', CommandTimeout='30']
SELECT "MigrationId", "ProductVersion"
FROM "__EFMigrationsHistory"
ORDER BY "MigrationId";
2025-06-21 19:41:41.589 +02:00 [INF] Executed DbCommand (3ms) [Parameters=[], CommandType='"Text"', CommandTimeout='30']
CREATE TABLE IF NOT EXISTS "__EFMigrationsHistory" (
    "MigrationId" character varying(150) NOT NULL,
    "ProductVersion" character varying(32) NOT NULL,
    CONSTRAINT "PK___EFMigrationsHistory" PRIMARY KEY ("MigrationId")
);
2025-06-21 19:41:41.594 +02:00 [INF] Acquiring an exclusive lock for migration application. See https://aka.ms/efcore-docs-migrations-lock for more information if this takes too long.
2025-06-21 19:41:41.595 +02:00 [INF] Executed DbCommand (0ms) [Parameters=[], CommandType='"Text"', CommandTimeout='30']
LOCK TABLE "__EFMigrationsHistory" IN ACCESS EXCLUSIVE MODE
2025-06-21 19:41:41.595 +02:00 [INF] Executed DbCommand (0ms) [Parameters=[], CommandType='"Text"', CommandTimeout='30']
SELECT "MigrationId", "ProductVersion"
FROM "__EFMigrationsHistory"
ORDER BY "MigrationId";
2025-06-21 19:41:41.598 +02:00 [INF] No migrations were applied. The database is already up to date.
2025-06-21 19:41:41.653 +02:00 [INF] Now listening on: http://localhost:5059
2025-06-21 19:41:41.655 +02:00 [INF] Application started. Press Ctrl+C to shut down.
2025-06-21 19:41:41.655 +02:00 [INF] Hosting environment: Development
2025-06-21 19:41:41.655 +02:00 [INF] Content root path: /Users/vivekkosare/Development/VehicleInsurance/VehicleRegistrationAPI
2025-06-21 19:41:41.746 +02:00 [INF] Request starting HTTP/1.1 GET http://localhost:5059/api/v1/customers - null null
2025-06-21 19:41:41.828 +02:00 [WRN] Failed to determine the https port for redirect.
2025-06-21 19:41:41.833 +02:00 [INF] Executing endpoint 'HTTP: GET /api/v{version:apiVersion}/customers/'
2025-06-21 19:41:42.088 +02:00 [INF] No data found in cache for key: AllCustomers
2025-06-21 19:41:42.088 +02:00 [INF] Cache miss for all customers, retrieving from database.
2025-06-21 19:41:42.217 +02:00 [INF] Executed DbCommand (5ms) [Parameters=[], CommandType='"Text"', CommandTimeout='30']
SELECT c."Id", c."CreatedAt", c."Email", c."Name", c."PersonalIdentificationNumber", c."PhoneNumber", c."UpdatedAt"
FROM "Customers" AS c
2025-06-21 19:41:42.247 +02:00 [INF] Retrieved 5 customers from the database.
2025-06-21 19:41:42.299 +02:00 [INF] Setting data in cache for key: AllCustomers
2025-06-21 19:41:42.304 +02:00 [INF] Successfully set data in cache for key: AllCustomers
2025-06-21 19:41:42.304 +02:00 [INF] Cached all customers for future requests.
2025-06-21 19:41:42.304 +02:00 [INF] 5 customers retrieved successfully.
2025-06-21 19:41:42.306 +02:00 [INF] Setting HTTP status code 200.
2025-06-21 19:41:42.308 +02:00 [INF] Writing value of type 'ListSelectIterator`2' as Json.
2025-06-21 19:41:42.323 +02:00 [INF] Executed endpoint 'HTTP: GET /api/v{version:apiVersion}/customers/'
2025-06-21 19:41:42.326 +02:00 [INF] Request finished HTTP/1.1 GET http://localhost:5059/api/v1/customers - 200 null application/json; charset=utf-8 582.363ms
2025-06-21 19:56:45.087 +02:00 [INF] Executed DbCommand (13ms) [Parameters=[], CommandType='"Text"', CommandTimeout='30']
SELECT "MigrationId", "ProductVersion"
FROM "__EFMigrationsHistory"
ORDER BY "MigrationId";
2025-06-21 19:56:45.285 +02:00 [INF] Executed DbCommand (4ms) [Parameters=[], CommandType='"Text"', CommandTimeout='30']
CREATE TABLE IF NOT EXISTS "__EFMigrationsHistory" (
    "MigrationId" character varying(150) NOT NULL,
    "ProductVersion" character varying(32) NOT NULL,
    CONSTRAINT "PK___EFMigrationsHistory" PRIMARY KEY ("MigrationId")
);
2025-06-21 19:56:45.290 +02:00 [INF] Acquiring an exclusive lock for migration application. See https://aka.ms/efcore-docs-migrations-lock for more information if this takes too long.
2025-06-21 19:56:45.291 +02:00 [INF] Executed DbCommand (0ms) [Parameters=[], CommandType='"Text"', CommandTimeout='30']
LOCK TABLE "__EFMigrationsHistory" IN ACCESS EXCLUSIVE MODE
2025-06-21 19:56:45.292 +02:00 [INF] Executed DbCommand (0ms) [Parameters=[], CommandType='"Text"', CommandTimeout='30']
SELECT "MigrationId", "ProductVersion"
FROM "__EFMigrationsHistory"
ORDER BY "MigrationId";
2025-06-21 19:56:45.294 +02:00 [INF] No migrations were applied. The database is already up to date.
2025-06-21 19:56:45.353 +02:00 [INF] Now listening on: http://localhost:5059
2025-06-21 19:56:45.355 +02:00 [INF] Application started. Press Ctrl+C to shut down.
2025-06-21 19:56:45.355 +02:00 [INF] Hosting environment: Development
2025-06-21 19:56:45.355 +02:00 [INF] Content root path: /Users/vivekkosare/Development/VehicleInsurance/VehicleRegistrationAPI
2025-06-21 19:56:45.439 +02:00 [INF] Request starting HTTP/1.1 GET http://localhost:5059/api/v1/customers - null null
2025-06-21 19:56:45.525 +02:00 [WRN] Failed to determine the https port for redirect.
2025-06-21 19:56:45.530 +02:00 [INF] Executing endpoint 'HTTP: GET /api/v{version:apiVersion}/customers/'
2025-06-21 19:56:45.785 +02:00 [INF] No data found in cache for key: AllCustomers
2025-06-21 19:56:45.785 +02:00 [INF] Cache miss for all customers, retrieving from database.
2025-06-21 19:56:45.912 +02:00 [INF] Executed DbCommand (5ms) [Parameters=[], CommandType='"Text"', CommandTimeout='30']
SELECT c."Id", c."CreatedAt", c."Email", c."Name", c."PersonalIdentificationNumber", c."PhoneNumber", c."UpdatedAt"
FROM "Customers" AS c
2025-06-21 19:56:45.942 +02:00 [INF] Retrieved 5 customers from the database.
2025-06-21 19:56:45.990 +02:00 [INF] Setting data in cache for key: AllCustomers
2025-06-21 19:56:45.994 +02:00 [INF] Successfully set data in cache for key: AllCustomers
2025-06-21 19:56:45.995 +02:00 [INF] Cached all customers for future requests.
2025-06-21 19:56:45.995 +02:00 [INF] 5 customers retrieved successfully.
2025-06-21 19:56:45.997 +02:00 [INF] Setting HTTP status code 200.
2025-06-21 19:56:45.998 +02:00 [INF] Writing value of type 'ListSelectIterator`2' as Json.
2025-06-21 19:56:46.014 +02:00 [INF] Executed endpoint 'HTTP: GET /api/v{version:apiVersion}/customers/'
2025-06-21 19:56:46.017 +02:00 [INF] Request finished HTTP/1.1 GET http://localhost:5059/api/v1/customers - 200 null application/json; charset=utf-8 579.8627ms
2025-06-21 20:00:05.256 +02:00 [INF] Executed DbCommand (13ms) [Parameters=[], CommandType='"Text"', CommandTimeout='30']
SELECT "MigrationId", "ProductVersion"
FROM "__EFMigrationsHistory"
ORDER BY "MigrationId";
2025-06-21 20:00:05.454 +02:00 [INF] Executed DbCommand (3ms) [Parameters=[], CommandType='"Text"', CommandTimeout='30']
CREATE TABLE IF NOT EXISTS "__EFMigrationsHistory" (
    "MigrationId" character varying(150) NOT NULL,
    "ProductVersion" character varying(32) NOT NULL,
    CONSTRAINT "PK___EFMigrationsHistory" PRIMARY KEY ("MigrationId")
);
2025-06-21 20:00:05.459 +02:00 [INF] Acquiring an exclusive lock for migration application. See https://aka.ms/efcore-docs-migrations-lock for more information if this takes too long.
2025-06-21 20:00:05.460 +02:00 [INF] Executed DbCommand (0ms) [Parameters=[], CommandType='"Text"', CommandTimeout='30']
LOCK TABLE "__EFMigrationsHistory" IN ACCESS EXCLUSIVE MODE
2025-06-21 20:00:05.460 +02:00 [INF] Executed DbCommand (0ms) [Parameters=[], CommandType='"Text"', CommandTimeout='30']
SELECT "MigrationId", "ProductVersion"
FROM "__EFMigrationsHistory"
ORDER BY "MigrationId";
2025-06-21 20:00:05.463 +02:00 [INF] No migrations were applied. The database is already up to date.
2025-06-21 20:00:05.521 +02:00 [INF] Now listening on: http://localhost:5059
2025-06-21 20:00:05.522 +02:00 [INF] Application started. Press Ctrl+C to shut down.
2025-06-21 20:00:05.523 +02:00 [INF] Hosting environment: Development
2025-06-21 20:00:05.523 +02:00 [INF] Content root path: /Users/vivekkosare/Development/VehicleInsurance/VehicleRegistrationAPI
2025-06-21 20:00:05.615 +02:00 [INF] Request starting HTTP/1.1 GET http://localhost:5059/api/v1/customers - null null
2025-06-21 20:00:05.698 +02:00 [WRN] Failed to determine the https port for redirect.
2025-06-21 20:00:05.703 +02:00 [INF] Executing endpoint 'HTTP: GET /api/v{version:apiVersion}/customers/'
2025-06-21 20:00:06.080 +02:00 [INF] Successfully retrieved data from cache for key: AllCustomers
2025-06-21 20:00:06.080 +02:00 [INF] Retrieved all customers from cache.
2025-06-21 20:00:06.080 +02:00 [INF] 5 customers retrieved successfully.
2025-06-21 20:00:06.082 +02:00 [INF] Setting HTTP status code 200.
2025-06-21 20:00:06.084 +02:00 [INF] Writing value of type 'ListSelectIterator`2' as Json.
2025-06-21 20:00:06.099 +02:00 [INF] Executed endpoint 'HTTP: GET /api/v{version:apiVersion}/customers/'
2025-06-21 20:00:06.102 +02:00 [INF] Request finished HTTP/1.1 GET http://localhost:5059/api/v1/customers - 200 null application/json; charset=utf-8 488.2435ms
2025-06-21 20:08:30.549 +02:00 [INF] Executed DbCommand (14ms) [Parameters=[], CommandType='"Text"', CommandTimeout='30']
SELECT "MigrationId", "ProductVersion"
FROM "__EFMigrationsHistory"
ORDER BY "MigrationId";
2025-06-21 20:08:30.746 +02:00 [INF] Executed DbCommand (4ms) [Parameters=[], CommandType='"Text"', CommandTimeout='30']
CREATE TABLE IF NOT EXISTS "__EFMigrationsHistory" (
    "MigrationId" character varying(150) NOT NULL,
    "ProductVersion" character varying(32) NOT NULL,
    CONSTRAINT "PK___EFMigrationsHistory" PRIMARY KEY ("MigrationId")
);
2025-06-21 20:08:30.751 +02:00 [INF] Acquiring an exclusive lock for migration application. See https://aka.ms/efcore-docs-migrations-lock for more information if this takes too long.
2025-06-21 20:08:30.752 +02:00 [INF] Executed DbCommand (0ms) [Parameters=[], CommandType='"Text"', CommandTimeout='30']
LOCK TABLE "__EFMigrationsHistory" IN ACCESS EXCLUSIVE MODE
2025-06-21 20:08:30.753 +02:00 [INF] Executed DbCommand (0ms) [Parameters=[], CommandType='"Text"', CommandTimeout='30']
SELECT "MigrationId", "ProductVersion"
FROM "__EFMigrationsHistory"
ORDER BY "MigrationId";
2025-06-21 20:08:30.755 +02:00 [INF] No migrations were applied. The database is already up to date.
2025-06-21 20:08:30.815 +02:00 [INF] Now listening on: http://localhost:5059
2025-06-21 20:08:30.817 +02:00 [INF] Application started. Press Ctrl+C to shut down.
2025-06-21 20:08:30.817 +02:00 [INF] Hosting environment: Development
2025-06-21 20:08:30.817 +02:00 [INF] Content root path: /Users/vivekkosare/Development/VehicleInsurance/VehicleRegistrationAPI
2025-06-21 20:08:30.902 +02:00 [INF] Request starting HTTP/1.1 GET http://localhost:5059/api/v1/customers - null null
2025-06-21 20:08:30.987 +02:00 [WRN] Failed to determine the https port for redirect.
2025-06-21 20:08:31.030 +02:00 [INF] Executing endpoint 'HTTP: GET /api/v{version:apiVersion}/customers/'
2025-06-21 20:08:31.310 +02:00 [INF] No data found in cache for key: AllCustomers
2025-06-21 20:08:31.310 +02:00 [INF] Cache miss for all customers, retrieving from database.
2025-06-21 20:08:31.441 +02:00 [INF] Executed DbCommand (5ms) [Parameters=[], CommandType='"Text"', CommandTimeout='30']
SELECT c."Id", c."CreatedAt", c."Email", c."Name", c."PersonalIdentificationNumber", c."PhoneNumber", c."UpdatedAt"
FROM "Customers" AS c
2025-06-21 20:08:31.472 +02:00 [INF] Retrieved 5 customers from the database.
2025-06-21 20:08:31.521 +02:00 [INF] Setting data in cache for key: AllCustomers
2025-06-21 20:08:31.526 +02:00 [INF] Successfully set data in cache for key: AllCustomers
2025-06-21 20:08:31.526 +02:00 [INF] Cached all customers for future requests.
2025-06-21 20:08:31.526 +02:00 [INF] 5 customers retrieved successfully.
2025-06-21 20:08:31.528 +02:00 [INF] Setting HTTP status code 200.
2025-06-21 20:08:31.530 +02:00 [INF] Writing value of type 'ListSelectIterator`2' as Json.
2025-06-21 20:08:31.546 +02:00 [INF] Executed endpoint 'HTTP: GET /api/v{version:apiVersion}/customers/'
2025-06-21 20:08:31.550 +02:00 [INF] Request finished HTTP/1.1 GET http://localhost:5059/api/v1/customers - 200 null application/json; charset=utf-8 648.9553ms
2025-06-21 20:20:37.320 +02:00 [INF] Executed DbCommand (13ms) [Parameters=[], CommandType='"Text"', CommandTimeout='30']
SELECT "MigrationId", "ProductVersion"
FROM "__EFMigrationsHistory"
ORDER BY "MigrationId";
2025-06-21 20:20:37.512 +02:00 [INF] Executed DbCommand (3ms) [Parameters=[], CommandType='"Text"', CommandTimeout='30']
CREATE TABLE IF NOT EXISTS "__EFMigrationsHistory" (
    "MigrationId" character varying(150) NOT NULL,
    "ProductVersion" character varying(32) NOT NULL,
    CONSTRAINT "PK___EFMigrationsHistory" PRIMARY KEY ("MigrationId")
);
2025-06-21 20:20:37.517 +02:00 [INF] Acquiring an exclusive lock for migration application. See https://aka.ms/efcore-docs-migrations-lock for more information if this takes too long.
2025-06-21 20:20:37.518 +02:00 [INF] Executed DbCommand (0ms) [Parameters=[], CommandType='"Text"', CommandTimeout='30']
LOCK TABLE "__EFMigrationsHistory" IN ACCESS EXCLUSIVE MODE
2025-06-21 20:20:37.518 +02:00 [INF] Executed DbCommand (0ms) [Parameters=[], CommandType='"Text"', CommandTimeout='30']
SELECT "MigrationId", "ProductVersion"
FROM "__EFMigrationsHistory"
ORDER BY "MigrationId";
2025-06-21 20:20:37.521 +02:00 [INF] No migrations were applied. The database is already up to date.
2025-06-21 20:20:37.579 +02:00 [INF] Now listening on: http://localhost:5059
2025-06-21 20:20:37.580 +02:00 [INF] Application started. Press Ctrl+C to shut down.
2025-06-21 20:20:37.580 +02:00 [INF] Hosting environment: Development
2025-06-21 20:20:37.580 +02:00 [INF] Content root path: /Users/vivekkosare/Development/VehicleInsurance/VehicleRegistrationAPI
2025-06-21 20:20:37.663 +02:00 [INF] Request starting HTTP/1.1 GET http://localhost:5059/api/v1/customers - null null
2025-06-21 20:20:37.747 +02:00 [WRN] Failed to determine the https port for redirect.
2025-06-21 20:20:37.751 +02:00 [INF] Executing endpoint 'HTTP: GET /api/v{version:apiVersion}/customers/'
2025-06-21 20:20:37.996 +02:00 [INF] No data found in cache for key: AllCustomers
2025-06-21 20:20:37.998 +02:00 [INF] Cache miss for all customers, retrieving from database.
2025-06-21 20:20:38.132 +02:00 [INF] Executed DbCommand (9ms) [Parameters=[], CommandType='"Text"', CommandTimeout='30']
SELECT c."Id", c."CreatedAt", c."Email", c."Name", c."PersonalIdentificationNumber", c."PhoneNumber", c."UpdatedAt"
FROM "Customers" AS c
2025-06-21 20:20:38.161 +02:00 [INF] Retrieved 5 customers from the database.
2025-06-21 20:20:38.211 +02:00 [INF] Setting data in cache for key: AllCustomers
2025-06-21 20:20:38.216 +02:00 [INF] Successfully set data in cache for key: AllCustomers
2025-06-21 20:20:38.216 +02:00 [INF] Cached all customers for future requests.
2025-06-21 20:20:38.216 +02:00 [INF] 5 customers retrieved successfully.
2025-06-21 20:20:38.218 +02:00 [INF] Setting HTTP status code 200.
2025-06-21 20:20:38.220 +02:00 [INF] Writing value of type 'ListSelectIterator`2' as Json.
2025-06-21 20:20:38.235 +02:00 [INF] Executed endpoint 'HTTP: GET /api/v{version:apiVersion}/customers/'
2025-06-21 20:20:38.240 +02:00 [INF] Request finished HTTP/1.1 GET http://localhost:5059/api/v1/customers - 200 null application/json; charset=utf-8 577.3876ms
2025-06-21 20:42:26.642 +02:00 [INF] Executed DbCommand (13ms) [Parameters=[], CommandType='"Text"', CommandTimeout='30']
SELECT "MigrationId", "ProductVersion"
FROM "__EFMigrationsHistory"
ORDER BY "MigrationId";
2025-06-21 20:42:26.829 +02:00 [INF] Executed DbCommand (4ms) [Parameters=[], CommandType='"Text"', CommandTimeout='30']
CREATE TABLE IF NOT EXISTS "__EFMigrationsHistory" (
    "MigrationId" character varying(150) NOT NULL,
    "ProductVersion" character varying(32) NOT NULL,
    CONSTRAINT "PK___EFMigrationsHistory" PRIMARY KEY ("MigrationId")
);
2025-06-21 20:42:26.834 +02:00 [INF] Acquiring an exclusive lock for migration application. See https://aka.ms/efcore-docs-migrations-lock for more information if this takes too long.
2025-06-21 20:42:26.835 +02:00 [INF] Executed DbCommand (0ms) [Parameters=[], CommandType='"Text"', CommandTimeout='30']
LOCK TABLE "__EFMigrationsHistory" IN ACCESS EXCLUSIVE MODE
2025-06-21 20:42:26.835 +02:00 [INF] Executed DbCommand (0ms) [Parameters=[], CommandType='"Text"', CommandTimeout='30']
SELECT "MigrationId", "ProductVersion"
FROM "__EFMigrationsHistory"
ORDER BY "MigrationId";
2025-06-21 20:42:26.837 +02:00 [INF] No migrations were applied. The database is already up to date.
2025-06-21 20:42:26.894 +02:00 [INF] Now listening on: http://localhost:5059
2025-06-21 20:42:26.896 +02:00 [INF] Application started. Press Ctrl+C to shut down.
2025-06-21 20:42:26.896 +02:00 [INF] Hosting environment: Development
2025-06-21 20:42:26.897 +02:00 [INF] Content root path: /Users/vivekkosare/Development/VehicleInsurance/VehicleRegistrationAPI
2025-06-21 20:42:26.980 +02:00 [INF] Request starting HTTP/1.1 GET http://localhost:5059/api/v1/customers - null null
2025-06-21 20:42:27.065 +02:00 [WRN] Failed to determine the https port for redirect.
2025-06-21 20:42:27.068 +02:00 [INF] Executing endpoint 'HTTP: GET /api/v{version:apiVersion}/customers/'
2025-06-21 20:42:27.341 +02:00 [INF] No data found in cache for key: AllCustomers
2025-06-21 20:42:27.341 +02:00 [INF] Cache miss for all customers, retrieving from database.
2025-06-21 20:42:27.471 +02:00 [INF] Executed DbCommand (5ms) [Parameters=[], CommandType='"Text"', CommandTimeout='30']
SELECT c."Id", c."CreatedAt", c."Email", c."Name", c."PersonalIdentificationNumber", c."PhoneNumber", c."UpdatedAt"
FROM "Customers" AS c
2025-06-21 20:42:27.501 +02:00 [INF] Retrieved 5 customers from the database.
2025-06-21 20:42:27.551 +02:00 [INF] Setting data in cache for key: AllCustomers
2025-06-21 20:42:27.555 +02:00 [INF] Successfully set data in cache for key: AllCustomers
2025-06-21 20:42:27.555 +02:00 [INF] Cached all customers for future requests.
2025-06-21 20:42:27.556 +02:00 [INF] 5 customers retrieved successfully.
2025-06-21 20:42:27.557 +02:00 [INF] Setting HTTP status code 200.
2025-06-21 20:42:27.559 +02:00 [INF] Writing value of type 'ListSelectIterator`2' as Json.
2025-06-21 20:42:27.576 +02:00 [INF] Executed endpoint 'HTTP: GET /api/v{version:apiVersion}/customers/'
2025-06-21 20:42:27.579 +02:00 [INF] Request finished HTTP/1.1 GET http://localhost:5059/api/v1/customers - 200 null application/json; charset=utf-8 600.2134ms
